### 
### 
### 
################################################################################################################### 
################################################################################################################### 
### 
### 
### 

-------------------------------------------------------------------------------
   ROBOCOPY     ::     Robust File Copy for Windows                              
-------------------------------------------------------------------------------

  已啟動 : Tue Nov 15 11:45:26 2016

    來源 : D:\temp\IE11Setup\IE11-x86\
  目的地 : \\172.22.23.101\D$\temp\IE11Setup\IE11-x86\

    檔案 : *.*
	    
    選項 : *.* /S /E /COPY:DAT /PURGE /MIR /R:3 /W:0 

-------------------------------------------------------------------------------

	                  19	D:\temp\IE11Setup\IE11-x86\

-------------------------------------------------------------------------------

                  總計       已複製        略過        不符        失敗        額外
      目錄 :         1         0         1         0         0         0
      檔案 :        19         0        19         0         0         0
     位元組 :  109.70 m         0  109.70 m         0         0         0
      時間 :   0:00:00   0:00:00                       0:00:00   0:00:00

     已結束 : Tue Nov 15 11:45:26 2016

-------------------------------------------------------------------------------
   ROBOCOPY     ::     Robust File Copy for Windows                              
-------------------------------------------------------------------------------

  已啟動 : Tue Nov 15 11:45:30 2016

    來源 : D:\temp\IE11Setup\IE11-x86\
  目的地 : \\172.22.23.38\D$\temp\IE11Setup\IE11-x86\

    檔案 : *.*
	    
    選項 : *.* /S /E /COPY:DAT /PURGE /MIR /R:3 /W:0 

-------------------------------------------------------------------------------

	                  19	D:\temp\IE11Setup\IE11-x86\

-------------------------------------------------------------------------------

                  總計       已複製        略過        不符        失敗        額外
      目錄 :         1         0         1         0         0         0
      檔案 :        19         0        19         0         0         0
     位元組 :  109.70 m         0  109.70 m         0         0         0
      時間 :   0:00:00   0:00:00                       0:00:00   0:00:00

     已結束 : Tue Nov 15 11:45:31 2016

-------------------------------------------------------------------------------
   ROBOCOPY     ::     Robust File Copy for Windows                              
-------------------------------------------------------------------------------

  已啟動 : Tue Nov 15 11:45:34 2016

    來源 : D:\temp\IE11Setup\IE11-x86\
  目的地 : \\172.22.23.20\D$\temp\IE11Setup\IE11-x86\

    檔案 : *.*
	    
    選項 : *.* /S /E /COPY:DAT /PURGE /MIR /R:3 /W:0 

-------------------------------------------------------------------------------

	                  19	D:\temp\IE11Setup\IE11-x86\

-------------------------------------------------------------------------------

                  總計       已複製        略過        不符        失敗        額外
      目錄 :         1         0         1         0         0         0
      檔案 :        19         0        19         0         0         0
     位元組 :  109.70 m         0  109.70 m         0         0         0
      時間 :   0:00:00   0:00:00                       0:00:00   0:00:00

     已結束 : Tue Nov 15 11:45:34 2016
