RUN_TIME：2016/11/09 16:44:13.52 

-------------------------------------------------------------------------------
   ROBOCOPY     ::     Robust File Copy for Windows                              
-------------------------------------------------------------------------------

  已啟動 : Wed Nov 09 16:44:16 2016

    來源 : \\CDBUHD\Download\0_IE11\IE11-x64\
  目的地 : D:\temp\IE11Setup\IE11-x64\

    檔案 : *.*
	    
    選項 : *.* /S /E /COPY:DAT /PURGE /MIR /R:3 /W:0 

-------------------------------------------------------------------------------

	                  18	\\CDBUHD\Download\0_IE11\IE11-x64\

-------------------------------------------------------------------------------

                  總計       已複製        略過        不符        失敗        額外
      目錄 :         1         0         1         0         0         0
      檔案 :        18         0        18         0         0         0
     位元組 :  195.13 m         0  195.13 m         0         0         0
      時間 :   0:00:00   0:00:00                       0:00:00   0:00:00

     已結束 : Wed Nov 09 16:44:17 2016
### 
### 
### 
################################################################################################################### 
################################################################################################################### 
### 
### 
### 

-------------------------------------------------------------------------------
   ROBOCOPY     ::     Robust File Copy for Windows                              
-------------------------------------------------------------------------------

  已啟動 : Wed Nov 09 16:44:17 2016

    來源 : D:\temp\IE11Setup\IE11-x64\
  目的地 : \\172.17.8.26\C$\temp\IE11Setup\IE11-x64\

    檔案 : *.*
	    
    選項 : *.* /S /E /COPY:DAT /PURGE /MIR /R:3 /W:0 

-------------------------------------------------------------------------------

	                  18	D:\temp\IE11Setup\IE11-x64\
	  *其他檔案 		    2187	IE11Setup_CCC.bat

-------------------------------------------------------------------------------

                  總計       已複製        略過        不符        失敗        額外
      目錄 :         1         0         1         0         0         0
      檔案 :        18         0        18         0         0         1
     位元組 :  195.13 m         0  195.13 m         0         0     2.1 k
      時間 :   0:00:00   0:00:00                       0:00:00   0:00:00

     已結束 : Wed Nov 09 16:44:17 2016

-------------------------------------------------------------------------------
   ROBOCOPY     ::     Robust File Copy for Windows                              
-------------------------------------------------------------------------------

  已啟動 : Wed Nov 09 16:44:20 2016

    來源 : D:\temp\IE11Setup\IE11-x64\
  目的地 : \\10.86.34.45\C$\temp\IE11Setup\IE11-x64\

    檔案 : *.*
	    
    選項 : *.* /S /E /COPY:DAT /PURGE /MIR /R:3 /W:0 

-------------------------------------------------------------------------------

	                  18	D:\temp\IE11Setup\IE11-x64\
	  *其他檔案 		    2187	IE11Setup_CCC.bat

-------------------------------------------------------------------------------

                  總計       已複製        略過        不符        失敗        額外
      目錄 :         1         0         1         0         0         0
      檔案 :        18         0        18         0         0         1
     位元組 :  195.13 m         0  195.13 m         0         0     2.1 k
      時間 :   0:00:00   0:00:00                       0:00:00   0:00:00

     已結束 : Wed Nov 09 16:44:20 2016
