RUN_TIME：2016/11/14 10:51:22.52 
### 
### 
### 
################################################################################################################### 
################################################################################################################### 
### 
### 
### 

-------------------------------------------------------------------------------
   ROBOCOPY     ::     Robust File Copy for Windows                              
-------------------------------------------------------------------------------

  已啟動 : Mon Nov 14 10:51:22 2016

    來源 : D:\temp\IE11Setup\IE11-x64\
  目的地 : \\10.86.34.44\D$\temp\IE11Setup\IE11-x64\

    檔案 : *.*
	    
    選項 : *.* /S /E /COPY:DAT /PURGE /MIR /R:3 /W:0 

-------------------------------------------------------------------------------

	                  19	D:\temp\IE11Setup\IE11-x64\
	  *其他檔案 		     758	NULL
	    較新     		    2194	IE11Setup.bat  0%  100%  
	    新檔案  		    2187	IE11Setup-----ReBoot.bat  0%  100%  

-------------------------------------------------------------------------------

                  總計       已複製        略過        不符        失敗        額外
      目錄 :         1         0         1         0         0         0
      檔案 :        19         2        17         0         0         1
     位元組 :  195.13 m     4.2 k  195.13 m         0         0       758
      時間 :   0:00:00   0:00:00                       0:00:00   0:00:00


      速度 :               22699 位元組/秒。
      速度 :               1.298 MB/分。

     已結束 : Mon Nov 14 10:51:23 2016
